Arguments: 
  /usr/local/bin/node /usr/local/bin/yarn install

PATH: 
  /Users/jeremysuarez/.rvm/gems/ruby-2.4.1/bin:/Users/jeremysuarez/.rvm/gems/ruby-2.4.1@global/bin:/Users/jeremysuarez/.rvm/rubies/ruby-2.4.1/bin:/Users/jeremysuarez/.rbenv/bin:/usr/local/opt/gnupg/libexec/gpgbin:/usr/local/bin:/usr/bin:/bin:/usr/sbin:/sbin:/usr/local/git/bin:/opt/ImageMagick/bin:/Library/Frameworks/Mono.framework/Versions/Current/Commands:/Users/jeremysuarez/.rvm/bin

Yarn version: 
  0.20.4

Node version: 
  8.2.1

Platform: 
  darwin x64

npm manifest: 
  {
    "main": "node_modules/expo/AppEntry.js",
    "private": true,
    "scripts": {
      "test": "node ./node_modules/jest/bin/jest.js --watch"
    },
    "jest": {
      "preset": "jest-expo"
    },
    "dependencies": {
      "@expo/samples": "2.1.1",
      "expo": "^23.0.0",
      "pacote": "^7.0.1",
      "react": "16.0.0",
      "react-native": "https://github.com/expo/react-native/archive/sdk-23.0.0.tar.gz",
      "react-native-blur": "^3.2.2",
      "react-navigation": "^1.0.0-beta.19"
    },
    "devDependencies": {
      "jest-expo": "^23.0.0"
    }
  }

yarn manifest: 
  No manifest

Lockfile: 
  No lockfile

Trace: 
  Error: https://github.com/expo/react-native/archive/sdk-23.0.0.tar.gz: unexpected end of file
      at Unzip.zlibOnError (zlib.js:152:15)
